<?xml version="1.0" encoding="UTF-8"?>
<!-- Generated by org.testng.reporters.JUnitXMLReporter -->
<testsuite ignored="0" hostname="IBM-PF35YJF9" failures="0" tests="6" name="Default test" time="3.938" errors="0" timestamp="2023-01-29T01:26:20 IST">
  <testcase classname="methodDef.DynamicJson" name="addBook" time="2.839"/>
  <testcase classname="methodDef.DynamicJson" name="addBook" time="0.212"/>
  <testcase classname="methodDef.DynamicJson" name="addBook" time="0.191"/>
  <testcase classname="methodDef.DynamicJson" name="deleteBook" time="0.219"/>
  <testcase classname="methodDef.DynamicJson" name="deleteBook" time="0.21"/>
  <testcase classname="methodDef.DynamicJson" name="deleteBook" time="0.211"/>
</testsuite> <!-- Default test -->
