<?xml version="1.0" encoding="UTF-8"?>
<testng-results ignored="0" total="6" passed="6" failed="0" skipped="0">
  <reporter-output>
  </reporter-output>
  <suite started-at="2023-01-29T01:26:16 IST" name="Default suite" finished-at="2023-01-29T01:26:20 IST" duration-ms="3938">
    <groups>
    </groups>
    <test started-at="2023-01-29T01:26:16 IST" name="Default test" finished-at="2023-01-29T01:26:20 IST" duration-ms="3938">
      <class name="methodDef.DynamicJson">
        <test-method signature="addBook(java.lang.String,java.lang.String)[pri:1, instance:methodDef.DynamicJson@378542de]" started-at="2023-01-29T01:26:16 IST" name="addBook" data-provider="BooksData" finished-at="2023-01-29T01:26:19 IST" duration-ms="2839" status="PASS">
          <params>
            <param index="0">
              <value>
                <![CDATA[bcwedw]]>
              </value>
            </param>
            <param index="1">
              <value>
                <![CDATA[29236]]>
              </value>
            </param>
          </params>
          <reporter-output>
          </reporter-output>
        </test-method> <!-- addBook -->
        <test-method signature="addBook(java.lang.String,java.lang.String)[pri:1, instance:methodDef.DynamicJson@378542de]" started-at="2023-01-29T01:26:19 IST" name="addBook" data-provider="BooksData" finished-at="2023-01-29T01:26:19 IST" duration-ms="212" status="PASS">
          <params>
            <param index="0">
              <value>
                <![CDATA[yosew]]>
              </value>
            </param>
            <param index="1">
              <value>
                <![CDATA[98798]]>
              </value>
            </param>
          </params>
          <reporter-output>
          </reporter-output>
        </test-method> <!-- addBook -->
        <test-method signature="addBook(java.lang.String,java.lang.String)[pri:1, instance:methodDef.DynamicJson@378542de]" started-at="2023-01-29T01:26:19 IST" name="addBook" data-provider="BooksData" finished-at="2023-01-29T01:26:19 IST" duration-ms="191" status="PASS">
          <params>
            <param index="0">
              <value>
                <![CDATA[kdhos]]>
              </value>
            </param>
            <param index="1">
              <value>
                <![CDATA[43522]]>
              </value>
            </param>
          </params>
          <reporter-output>
          </reporter-output>
        </test-method> <!-- addBook -->
        <test-method signature="deleteBook(java.lang.String,java.lang.String)[pri:2, instance:methodDef.DynamicJson@378542de]" started-at="2023-01-29T01:26:19 IST" name="deleteBook" data-provider="BooksData" finished-at="2023-01-29T01:26:20 IST" duration-ms="219" status="PASS">
          <params>
            <param index="0">
              <value>
                <![CDATA[bcwedw]]>
              </value>
            </param>
            <param index="1">
              <value>
                <![CDATA[29236]]>
              </value>
            </param>
          </params>
          <reporter-output>
          </reporter-output>
        </test-method> <!-- deleteBook -->
        <test-method signature="deleteBook(java.lang.String,java.lang.String)[pri:2, instance:methodDef.DynamicJson@378542de]" started-at="2023-01-29T01:26:20 IST" name="deleteBook" data-provider="BooksData" finished-at="2023-01-29T01:26:20 IST" duration-ms="210" status="PASS">
          <params>
            <param index="0">
              <value>
                <![CDATA[yosew]]>
              </value>
            </param>
            <param index="1">
              <value>
                <![CDATA[98798]]>
              </value>
            </param>
          </params>
          <reporter-output>
          </reporter-output>
        </test-method> <!-- deleteBook -->
        <test-method signature="deleteBook(java.lang.String,java.lang.String)[pri:2, instance:methodDef.DynamicJson@378542de]" started-at="2023-01-29T01:26:20 IST" name="deleteBook" data-provider="BooksData" finished-at="2023-01-29T01:26:20 IST" duration-ms="211" status="PASS">
          <params>
            <param index="0">
              <value>
                <![CDATA[kdhos]]>
              </value>
            </param>
            <param index="1">
              <value>
                <![CDATA[43522]]>
              </value>
            </param>
          </params>
          <reporter-output>
          </reporter-output>
        </test-method> <!-- deleteBook -->
      </class> <!-- methodDef.DynamicJson -->
    </test> <!-- Default test -->
  </suite> <!-- Default suite -->
</testng-results>
